{"clear": 1}
{"track": 1, "ms": 0.0, "f1": 0.0, "f2": 1.0}
{"track": 2, "ms": 0.0, "f1": 1.0, "f2": 0.0}
{"track": 1, "ms": 10.0, "f1": 0.01, "f2": 0.99}
{"track": 2, "ms": 10.0, "f1": 0.99, "f2": 0.01}
{"track": 1, "ms": 20.0, "f1": 0.02, "f2": 0.98}
{"track": 2, "ms": 20.0, "f1": 0.98, "f2": 0.02}
{"track": 1, "ms": 30.0, "f1": 0.03, "f2": 0.97}
{"track": 2, "ms": 30.0, "f1": 0.97, "f2": 0.03}
{"track": 1, "ms": 40.0, "f1": 0.04, "f2": 0.96}
{"track": 2, "ms": 40.0, "f1": 0.96, "f2": 0.04}
{"track": 1, "ms": 50.0, "f1": 0.05, "f2": 0.95}
{"track": 2, "ms": 50.0, "f1": 0.95, "f2": 0.05}
{"track": 1, "ms": 60.0, "f1": 0.06, "f2": 0.94}
{"track": 2, "ms": 60.0, "f1": 0.94, "f2": 0.06}
{"track": 1, "ms": 70.0, "f1": 0.07, "f2": 0.9299999999999999}
{"track": 2, "ms": 70.0, "f1": 0.9299999999999999, "f2": 0.07}
{"track": 1, "ms": 80.0, "f1": 0.08, "f2": 0.92}
{"track": 2, "ms": 80.0, "f1": 0.92, "f2": 0.08}
{"track": 1, "ms": 90.0, "f1": 0.09, "f2": 0.91}
{"track": 2, "ms": 90.0, "f1": 0.91, "f2": 0.09}
{"track": 1, "ms": 100.0, "f1": 0.1, "f2": 0.9}
{"track": 2, "ms": 100.0, "f1": 0.9, "f2": 0.1}
{"track": 1, "ms": 110.0, "f1": 0.11, "f2": 0.89}
{"track": 2, "ms": 110.0, "f1": 0.89, "f2": 0.11}
{"track": 1, "ms": 120.0, "f1": 0.12, "f2": 0.88}
{"track": 2, "ms": 120.0, "f1": 0.88, "f2": 0.12}
{"track": 1, "ms": 130.0, "f1": 0.13, "f2": 0.87}
{"track": 2, "ms": 130.0, "f1": 0.87, "f2": 0.13}
{"track": 1, "ms": 140.0, "f1": 0.14, "f2": 0.86}
{"track": 2, "ms": 140.0, "f1": 0.86, "f2": 0.14}
{"track": 1, "ms": 150.0, "f1": 0.15, "f2": 0.85}
{"track": 2, "ms": 150.0, "f1": 0.85, "f2": 0.15}
{"track": 1, "ms": 160.0, "f1": 0.16, "f2": 0.84}
{"track": 2, "ms": 160.0, "f1": 0.84, "f2": 0.16}
{"track": 1, "ms": 170.0, "f1": 0.17, "f2": 0.83}
{"track": 2, "ms": 170.0, "f1": 0.83, "f2": 0.17}
{"track": 1, "ms": 180.0, "f1": 0.18, "f2": 0.8200000000000001}
{"track": 2, "ms": 180.0, "f1": 0.8200000000000001, "f2": 0.18}
{"track": 1, "ms": 190.0, "f1": 0.19, "f2": 0.81}
{"track": 2, "ms": 190.0, "f1": 0.81, "f2": 0.19}
{"track": 1, "ms": 200.0, "f1": 0.2, "f2": 0.8}
{"track": 2, "ms": 200.0, "f1": 0.8, "f2": 0.2}
{"track": 1, "ms": 210.0, "f1": 0.21, "f2": 0.79}
{"track": 2, "ms": 210.0, "f1": 0.79, "f2": 0.21}
{"track": 1, "ms": 220.0, "f1": 0.22, "f2": 0.78}
{"track": 2, "ms": 220.0, "f1": 0.78, "f2": 0.22}
{"track": 1, "ms": 230.0, "f1": 0.23, "f2": 0.77}
{"track": 2, "ms": 230.0, "f1": 0.77, "f2": 0.23}
{"track": 1, "ms": 240.0, "f1": 0.24, "f2": 0.76}
{"track": 2, "ms": 240.0, "f1": 0.76, "f2": 0.24}
{"track": 1, "ms": 250.0, "label": "kick@100", "bar": "0", "f2": 0.0}
{"track": 1, "ms": 250.0, "f1": 0.25, "f2": 0.75}
{"track": 2, "ms": 250.0, "f1": 0.75, "f2": 0.25}
{"track": 1, "ms": 260.0, "f1": 0.26, "f2": 0.74}
{"track": 2, "ms": 260.0, "f1": 0.74, "f2": 0.26}
{"track": 1, "ms": 270.0, "f1": 0.27, "f2": 0.73}
{"track": 2, "ms": 270.0, "f1": 0.73, "f2": 0.27}
{"track": 1, "ms": 280.0, "f1": 0.28, "f2": 0.72}
{"track": 2, "ms": 280.0, "f1": 0.72, "f2": 0.28}
{"track": 1, "ms": 290.0, "f1": 0.29, "f2": 0.71}
{"track": 2, "ms": 290.0, "f1": 0.71, "f2": 0.29}
{"track": 1, "ms": 300.0, "f1": 0.3, "f2": 0.7}
{"track": 2, "ms": 300.0, "f1": 0.7, "f2": 0.3}
{"track": 1, "ms": 310.0, "f1": 0.31, "f2": 0.69}
{"track": 2, "ms": 310.0, "f1": 0.69, "f2": 0.31}
{"track": 1, "ms": 320.0, "f1": 0.32, "f2": 0.6799999999999999}
{"track": 2, "ms": 320.0, "f1": 0.6799999999999999, "f2": 0.32}
{"track": 1, "ms": 330.0, "f1": 0.33, "f2": 0.6699999999999999}
{"track": 2, "ms": 330.0, "f1": 0.6699999999999999, "f2": 0.33}
{"track": 1, "ms": 340.0, "f1": 0.34, "f2": 0.6599999999999999}
{"track": 2, "ms": 340.0, "f1": 0.6599999999999999, "f2": 0.34}
{"track": 1, "ms": 350.0, "f1": 0.35, "f2": 0.65}
{"track": 2, "ms": 350.0, "f1": 0.65, "f2": 0.35}
{"track": 1, "ms": 360.0, "f1": 0.36, "f2": 0.64}
{"track": 2, "ms": 360.0, "f1": 0.64, "f2": 0.36}
{"track": 1, "ms": 370.0, "f1": 0.37, "f2": 0.63}
{"track": 2, "ms": 370.0, "f1": 0.63, "f2": 0.37}
{"track": 1, "ms": 380.0, "f1": 0.38, "f2": 0.62}
{"track": 2, "ms": 380.0, "f1": 0.62, "f2": 0.38}
{"track": 1, "ms": 390.0, "f1": 0.39, "f2": 0.61}
{"track": 2, "ms": 390.0, "f1": 0.61, "f2": 0.39}
{"track": 1, "ms": 400.0, "f1": 0.4, "f2": 0.6}
{"track": 2, "ms": 400.0, "f1": 0.6, "f2": 0.4}
{"track": 1, "ms": 410.0, "f1": 0.41, "f2": 0.5900000000000001}
{"track": 2, "ms": 410.0, "f1": 0.5900000000000001, "f2": 0.41}
{"track": 1, "ms": 420.0, "f1": 0.42, "f2": 0.5800000000000001}
{"track": 2, "ms": 420.0, "f1": 0.5800000000000001, "f2": 0.42}
{"track": 1, "ms": 430.0, "f1": 0.43, "f2": 0.5700000000000001}
{"track": 2, "ms": 430.0, "f1": 0.5700000000000001, "f2": 0.43}
{"track": 1, "ms": 440.0, "f1": 0.44, "f2": 0.56}
{"track": 2, "ms": 440.0, "f1": 0.56, "f2": 0.44}
{"track": 1, "ms": 450.0, "f1": 0.45, "f2": 0.55}
{"track": 2, "ms": 450.0, "f1": 0.55, "f2": 0.45}
{"track": 1, "ms": 460.0, "f1": 0.46, "f2": 0.54}
{"track": 2, "ms": 460.0, "f1": 0.54, "f2": 0.46}
{"track": 1, "ms": 470.0, "f1": 0.47, "f2": 0.53}
{"track": 2, "ms": 470.0, "f1": 0.53, "f2": 0.47}
{"track": 1, "ms": 480.0, "f1": 0.48, "f2": 0.52}
{"track": 2, "ms": 480.0, "f1": 0.52, "f2": 0.48}
{"track": 1, "ms": 490.0, "f1": 0.49, "f2": 0.51}
{"track": 2, "ms": 490.0, "f1": 0.51, "f2": 0.49}
{"track": 2, "ms": 500.0, "label": "snare@200", "bar": "16", "f2": 1.0}
{"track": 1, "ms": 500.0, "f1": 0.5, "f2": 0.5}
{"track": 2, "ms": 500.0, "f1": 0.5, "f2": 0.5}
{"track": 1, "ms": 510.0, "f1": 0.51, "f2": 0.49}
{"track": 2, "ms": 510.0, "f1": 0.49, "f2": 0.51}
{"track": 1, "ms": 520.0, "f1": 0.52, "f2": 0.48}
{"track": 2, "ms": 520.0, "f1": 0.48, "f2": 0.52}
{"track": 1, "ms": 530.0, "f1": 0.53, "f2": 0.47}
{"track": 2, "ms": 530.0, "f1": 0.47, "f2": 0.53}
{"track": 1, "ms": 540.0, "f1": 0.54, "f2": 0.45999999999999996}
{"track": 2, "ms": 540.0, "f1": 0.45999999999999996, "f2": 0.54}
{"track": 1, "ms": 550.0, "f1": 0.55, "f2": 0.44999999999999996}
{"track": 2, "ms": 550.0, "f1": 0.44999999999999996, "f2": 0.55}
{"track": 1, "ms": 560.0, "f1": 0.56, "f2": 0.43999999999999995}
{"track": 2, "ms": 560.0, "f1": 0.43999999999999995, "f2": 0.56}
{"track": 1, "ms": 570.0, "f1": 0.57, "f2": 0.43000000000000005}
{"track": 2, "ms": 570.0, "f1": 0.43000000000000005, "f2": 0.57}
{"track": 1, "ms": 580.0, "f1": 0.58, "f2": 0.42000000000000004}
{"track": 2, "ms": 580.0, "f1": 0.42000000000000004, "f2": 0.58}
{"track": 1, "ms": 590.0, "f1": 0.59, "f2": 0.41000000000000003}
{"track": 2, "ms": 590.0, "f1": 0.41000000000000003, "f2": 0.59}
{"track": 1, "ms": 600.0, "f1": 0.6, "f2": 0.4}
{"track": 2, "ms": 600.0, "f1": 0.4, "f2": 0.6}
{"track": 1, "ms": 610.0, "f1": 0.61, "f2": 0.39}
{"track": 2, "ms": 610.0, "f1": 0.39, "f2": 0.61}
{"track": 1, "ms": 620.0, "f1": 0.62, "f2": 0.38}
{"track": 2, "ms": 620.0, "f1": 0.38, "f2": 0.62}
{"track": 1, "ms": 630.0, "f1": 0.63, "f2": 0.37}
{"track": 2, "ms": 630.0, "f1": 0.37, "f2": 0.63}
{"track": 1, "ms": 640.0, "f1": 0.64, "f2": 0.36}
{"track": 2, "ms": 640.0, "f1": 0.36, "f2": 0.64}
{"track": 1, "ms": 650.0, "f1": 0.65, "f2": 0.35}
{"track": 2, "ms": 650.0, "f1": 0.35, "f2": 0.65}
{"track": 1, "ms": 660.0, "f1": 0.66, "f2": 0.33999999999999997}
{"track": 2, "ms": 660.0, "f1": 0.33999999999999997, "f2": 0.66}
{"track": 1, "ms": 670.0, "f1": 0.67, "f2": 0.32999999999999996}
{"track": 2, "ms": 670.0, "f1": 0.32999999999999996, "f2": 0.67}
{"track": 1, "ms": 680.0, "f1": 0.68, "f2": 0.31999999999999995}
{"track": 2, "ms": 680.0, "f1": 0.31999999999999995, "f2": 0.68}
{"track": 1, "ms": 690.0, "f1": 0.69, "f2": 0.31000000000000005}
{"track": 2, "ms": 690.0, "f1": 0.31000000000000005, "f2": 0.69}
{"track": 1, "ms": 700.0, "f1": 0.7, "f2": 0.30000000000000004}
{"track": 2, "ms": 700.0, "f1": 0.30000000000000004, "f2": 0.7}
{"track": 1, "ms": 710.0, "f1": 0.71, "f2": 0.29000000000000004}
{"track": 2, "ms": 710.0, "f1": 0.29000000000000004, "f2": 0.71}
{"track": 1, "ms": 720.0, "f1": 0.72, "f2": 0.28}
{"track": 2, "ms": 720.0, "f1": 0.28, "f2": 0.72}
{"track": 1, "ms": 730.0, "f1": 0.73, "f2": 0.27}
{"track": 2, "ms": 730.0, "f1": 0.27, "f2": 0.73}
{"track": 1, "ms": 740.0, "f1": 0.74, "f2": 0.26}
{"track": 2, "ms": 740.0, "f1": 0.26, "f2": 0.74}
{"track": 1, "ms": 750.0, "f1": 0.75, "f2": 0.25}
{"track": 2, "ms": 750.0, "f1": 0.25, "f2": 0.75}
{"track": 1, "ms": 760.0, "f1": 0.76, "f2": 0.24}
{"track": 2, "ms": 760.0, "f1": 0.24, "f2": 0.76}
{"track": 1, "ms": 770.0, "f1": 0.77, "f2": 0.22999999999999998}
{"track": 2, "ms": 770.0, "f1": 0.22999999999999998, "f2": 0.77}
{"track": 1, "ms": 780.0, "f1": 0.78, "f2": 0.21999999999999997}
{"track": 2, "ms": 780.0, "f1": 0.21999999999999997, "f2": 0.78}
{"track": 1, "ms": 790.0, "f1": 0.79, "f2": 0.20999999999999996}
{"track": 2, "ms": 790.0, "f1": 0.20999999999999996, "f2": 0.79}
{"track": 1, "ms": 800.0, "f1": 0.8, "f2": 0.19999999999999996}
{"track": 2, "ms": 800.0, "f1": 0.19999999999999996, "f2": 0.8}
{"track": 1, "ms": 810.0, "f1": 0.81, "f2": 0.18999999999999995}
{"track": 2, "ms": 810.0, "f1": 0.18999999999999995, "f2": 0.81}
{"track": 1, "ms": 820.0, "f1": 0.82, "f2": 0.18000000000000005}
{"track": 2, "ms": 820.0, "f1": 0.18000000000000005, "f2": 0.82}
{"track": 1, "ms": 830.0, "f1": 0.83, "f2": 0.17000000000000004}
{"track": 2, "ms": 830.0, "f1": 0.17000000000000004, "f2": 0.83}
{"track": 1, "ms": 840.0, "f1": 0.84, "f2": 0.16000000000000003}
{"track": 2, "ms": 840.0, "f1": 0.16000000000000003, "f2": 0.84}
{"track": 1, "ms": 850.0, "f1": 0.85, "f2": 0.15000000000000002}
{"track": 2, "ms": 850.0, "f1": 0.15000000000000002, "f2": 0.85}
{"track": 1, "ms": 860.0, "f1": 0.86, "f2": 0.14}
{"track": 2, "ms": 860.0, "f1": 0.14, "f2": 0.86}
{"track": 1, "ms": 870.0, "f1": 0.87, "f2": 0.13}
{"track": 2, "ms": 870.0, "f1": 0.13, "f2": 0.87}
{"track": 1, "ms": 880.0, "f1": 0.88, "f2": 0.12}
{"track": 2, "ms": 880.0, "f1": 0.12, "f2": 0.88}
{"track": 1, "ms": 890.0, "f1": 0.89, "f2": 0.10999999999999999}
{"track": 2, "ms": 890.0, "f1": 0.10999999999999999, "f2": 0.89}
{"track": 1, "ms": 900.0, "f1": 0.9, "f2": 0.09999999999999998}
{"track": 2, "ms": 900.0, "f1": 0.09999999999999998, "f2": 0.9}
{"track": 1, "ms": 910.0, "f1": 0.91, "f2": 0.08999999999999997}
{"track": 2, "ms": 910.0, "f1": 0.08999999999999997, "f2": 0.91}
{"track": 1, "ms": 920.0, "f1": 0.92, "f2": 0.07999999999999996}
{"track": 2, "ms": 920.0, "f1": 0.07999999999999996, "f2": 0.92}
{"track": 1, "ms": 930.0, "f1": 0.93, "f2": 0.06999999999999995}
{"track": 2, "ms": 930.0, "f1": 0.06999999999999995, "f2": 0.93}
{"track": 1, "ms": 940.0, "f1": 0.94, "f2": 0.06000000000000005}
{"track": 2, "ms": 940.0, "f1": 0.06000000000000005, "f2": 0.94}
{"track": 1, "ms": 950.0, "f1": 0.95, "f2": 0.050000000000000044}
{"track": 2, "ms": 950.0, "f1": 0.050000000000000044, "f2": 0.95}
{"track": 1, "ms": 960.0, "f1": 0.96, "f2": 0.040000000000000036}
{"track": 2, "ms": 960.0, "f1": 0.040000000000000036, "f2": 0.96}
{"track": 1, "ms": 970.0, "f1": 0.97, "f2": 0.030000000000000027}
{"track": 2, "ms": 970.0, "f1": 0.030000000000000027, "f2": 0.97}
{"track": 1, "ms": 980.0, "f1": 0.98, "f2": 0.020000000000000018}
{"track": 2, "ms": 980.0, "f1": 0.020000000000000018, "f2": 0.98}
{"track": 1, "ms": 990.0, "f1": 0.99, "f2": 0.010000000000000009}
{"track": 2, "ms": 990.0, "f1": 0.010000000000000009, "f2": 0.99}
{"clear": 1, "track": 1}
{"clear": 1}
